<?xml version="1.0" encoding="UTF-8"?>
<testsuite xmlns:xsi="http://www.w3.org/2001/XMLSchema-instance"
           xsi:noNamespaceSchemaLocation="https://maven.apache.org/surefire/maven-surefire-plugin/xsd/surefire-test-report.xsd"
           name="com.example.AllPassTest" time="0.123" tests="3" errors="0" skipped="0" failures="0">
    <testcase name="testAdd" classname="com.example.AllPassTest" time="0.045"/>
    <testcase name="testSubtract" classname="com.example.AllPassTest" time="0.038"/>
    <testcase name="testMultiply" classname="com.example.AllPassTest" time="0.040"/>
</testsuite>
